<?xml version="1.0" encoding="UTF-8"?>
<testsuite xmlns:xsi="http://www.w3.org/2001/XMLSchema-instance" xsi:noNamespaceSchemaLocation="https://maven.apache.org/surefire/maven-surefire-plugin/xsd/surefire-test-report-3.0.xsd" version="3.0" name="MybatisTest" time="1.212" tests="1" errors="0" skipped="0" failures="0">
  <properties>
[...]
</properties>
  <testcase name="TestInsertUser" classname="MybatisTest" time="0.602">
    <system-out><![CDATA[true
User{name='Tom', age=25}
]]></system-out>
    <system-err><![CDATA[2月 22, 2025 6:54:35 下午 org.springframework.test.context.support.AbstractTestContextBootstrapper getDefaultTestExecutionListenerClassNames
信息: Loaded default TestExecutionListener class names from location [META-INF/spring.factories]: [org.springframework.test.context.web.ServletTestExecutionListener, org.springframework.test.context.support.DirtiesContextBeforeModesTestExecutionListener, org.springframework.test.context.support.DependencyInjectionTestExecutionListener, org.springframework.test.context.support.DirtiesContextTestExecutionListener, org.springframework.test.context.transaction.TransactionalTestExecutionListener, org.springframework.test.context.jdbc.SqlScriptsTestExecutionListener, org.springframework.test.context.event.EventPublishingTestExecutionListener]
2月 22, 2025 6:54:35 下午 org.springframework.test.context.support.AbstractTestContextBootstrapper getTestExecutionListeners
信息: Using TestExecutionListeners: [org.springframework.test.context.web.ServletTestExecutionListener@7a4ccb53, org.springframework.test.context.support.DirtiesContextBeforeModesTestExecutionListener@309e345f, org.springframework.test.context.support.DependencyInjectionTestExecutionListener@56a6d5a6, org.springframework.test.context.support.DirtiesContextTestExecutionListener@18ce0030, org.springframework.test.context.transaction.TransactionalTestExecutionListener@4445629, org.springframework.test.context.jdbc.SqlScriptsTestExecutionListener@45b9a632, org.springframework.test.context.event.EventPublishingTestExecutionListener@25d250c6]
2月 22, 2025 6:54:35 下午 org.springframework.context.annotation.ConfigurationClassPostProcessor enhanceConfigurationClasses
信息: Cannot enhance @Configuration bean definition 'com.lzu.config.MybatisConfig' since its singleton instance has been created too early. The typical cause is a non-static @Bean method with a BeanDefinitionRegistryPostProcessor return type: Consider declaring such methods as 'static'.
Loading class `com.mysql.jdbc.Driver'. This is deprecated. The new driver class is `com.mysql.cj.jdbc.Driver'. The driver is automatically registered via the SPI and manual loading of the driver class is generally unnecessary.
2月 22, 2025 6:54:35 下午 com.alibaba.druid.support.logging.JakartaCommonsLoggingImpl info
信息: {dataSource-1} inited
]]></system-err>
  </testcase>
</testsuite>